#
# A fatal error has been detected by the Java Runtime Environment:
#
#  EXCEPTION_ACCESS_VIOLATION (0xc0000005) at pc=0x00007ffd1c086407, pid=20008, tid=11632
#
# JRE version: OpenJDK Runtime Environment (19.0.1+10) (build 19.0.1+10-21)
# Java VM: OpenJDK 64-Bit Server VM (19.0.1+10-21, mixed mode, sharing, tiered, compressed oops, compressed class ptrs, g1 gc, windows-amd64)
# Problematic frame:
# C  [glass.dll+0x26407]
#
# No core dump will be written. Minidumps are not enabled by default on client versions of Windows
#
# If you would like to submit a bug report, please visit:
#   https://bugreport.java.com/bugreport/crash.jsp
#

---------------  S U M M A R Y ------------

Command Line: -javaagent:D:\Новая папка (2)\Новая папка (4)\IntelliJ IDEA Community Edition 2022.2.4\lib\idea_rt.jar=60792:D:\Новая папка (2)\Новая папка (4)\IntelliJ IDEA Community Edition 2022.2.4\bin -Dfile.encoding=UTF-8 -Dsun.stdout.encoding=UTF-8 -Dsun.stderr.encoding=UTF-8 --module-path=C:\Users\admin\Desktop\TeacherApp\target\classes;C:\Users\admin\Downloads\jar_files (3)\poi-ooxml-3.6.jar;C:\Users\admin\Downloads\aspose-words-23.4-jdk17.jar;C:\Users\admin\.m2\repository\org\openjfx\javafx-base\19.0.2.1\javafx-base-19.0.2.1-win.jar;C:\Users\admin\.m2\repository\org\openjfx\javafx-fxml\19.0.2.1\javafx-fxml-19.0.2.1-win.jar;C:\Users\admin\Desktop\mysql-connector-j-8.0.33\mysql-connector-j-8.0.33.jar;C:\Users\admin\.m2\repository\org\openjfx\javafx-controls\19.0.2.1\javafx-controls-19.0.2.1-win.jar;C:\Users\admin\.m2\repository\org\openjfx\javafx-graphics\19.0.2.1\javafx-graphics-19.0.2.1-win.jar -Djdk.module.main=com.example.teacherapp com.example.teacherapp/com.example.teacherapp.LoginApplication

Host: Intel(R) Core(TM) i7-9700K CPU @ 3.60GHz, 8 cores, 15G,  Windows 10 , 64 bit Build 19041 (10.0.19041.2913)
Time: Fri May 19 05:51:48 2023 RTZ 2 (s 10 , 64 bit Build 19041 (10.0.19041.2913) elapsed time: 841.953073 seconds (0d 0h 14m 1s)

---------------  T H R E A D  ---------------

Current thread (0x0000015ecec4fdb0):  VMThread "VM Thread" [stack: 0x000000340d400000,0x000000340d500000] [id=11632]

Stack: [0x000000340d400000,0x000000340d500000],  sp=0x000000340d4fee90,  free space=1019k
Native frames: (J=compiled Java code, j=interpreted, Vv=VM code, C=native code)
C  [glass.dll+0x26407]


siginfo: EXCEPTION_ACCESS_VIOLATION (0xc0000005), reading address 0x0000000000000000


Registers:
RAX=0x0000000000000000, RBX=0x0000015ecec560e8, RCX=0x0000015ecec4fdb0, RDX=0x000000340d4fee90
RSP=0x000000340d4fee90, RBP=0x0000015ed3fed3c8, RSI=0x0000015ed3fed3a0, RDI=0x0000f46278652ebe
R8 =0x0000000000010002, R9 =0x0000f46278652ebe, R10=0x0000000000008000, R11=0x000000340d4fee20
R12=0x00007ffd1c083d40, R13=0x00007ffcddd472a0, R14=0x000000340d4fef88, R15=0x0000015ed3fed3a0
RIP=0x00007ffd1c086407, EFLAGS=0x0000000000010206


Register to memory mapping:

RIP=0x00007ffd1c086407 glass.dll
RAX=0x0 is NULL
RBX=0x0000015ecec560e8 is a global jni handle
RCX=0x0000015ecec4fdb0 points into unknown readable memory: 0x00007ffcddb545d8 | d8 45 b5 dd fc 7f 00 00
RDX=0x000000340d4fee90 points into unknown readable memory: 0x0000000000000000 | 00 00 00 00 00 00 00 00
RSP=0x000000340d4fee90 points into unknown readable memory: 0x0000000000000000 | 00 00 00 00 00 00 00 00
RBP=0x0000015ed3fed3c8 points into unknown readable memory: 0x0000f46278652ebe | be 2e 65 78 62 f4 00 00
RSI=0x0000015ed3fed3a0 points into unknown readable memory: 0x0000eb9d3f6720a8 | a8 20 67 3f 9d eb 00 00
RDI=0x0000f46278652ebe is an unknown value
R8 =0x0000000000010002 is an unknown value
R9 =0x0000f46278652ebe is an unknown value
R10=0x0000000000008000 is an unknown value
R11=0x000000340d4fee20 points into unknown readable memory: 0x0000015ed3fed3a0 | a0 d3 fe d3 5e 01 00 00
R12=0x00007ffd1c083d40 glass.dll
R13=0x00007ffcddd472a0 jvm.dll
R14=0x000000340d4fef88 points into unknown readable memory: 0x000000340d4fef70 | 70 ef 4f 0d 34 00 00 00
R15=0x0000015ed3fed3a0 points into unknown readable memory: 0x0000eb9d3f6720a8 | a8 20 67 3f 9d eb 00 00


Top of Stack: (sp=0x000000340d4fee90)
0x000000340d4fee90:   0000000000000000 0000015ed3fed3a0
0x000000340d4feea0:   00007ffcddd472a0 00007ffd1c083d40
0x000000340d4feeb0:   0000015ed3fed3a8 00007ffd448442d6
0x000000340d4feec0:   0000f46278652ebe 0000015e00000000
0x000000340d4feed0:   0000015ed3fed3c8 0000015ed3fed3a0
0x000000340d4feee0:   fffffffffffffffe 0000000000000000
0x000000340d4feef0:   0000000000000001 00007ffd1c060000
0x000000340d4fef00:   000000340d4fef78 00007ffd448441fb
0x000000340d4fef10:   0000000000000000 000000340d4fef88
0x000000340d4fef20:   000000340d4ff250 00007ffd44920e40
0x000000340d4fef30:   0000000000000001 00007ffd448441b4
0x000000340d4fef40:   0000000000000000 0000000000000001
0x000000340d4fef50:   0000000000000000 000000340d4fef78
0x000000340d4fef60:   ffffffff00000001 00007ffd1c083bcd
0x000000340d4fef70:   00007ffd1c099f88 00007ffd00000002
0x000000340d4fef80:   0000000000000002 000000340d4fef70 

Instructions: (pc=0x00007ffd1c086407)
0x00007ffd1c086307:   8b 4d 58 e8 7d cf ff ff 48 8b 4d 60 e8 74 cf ff
0x00007ffd1c086317:   ff 48 8b 95 80 00 00 00 48 8b 8d 18 01 00 00 e8
0x00007ffd1c086327:   66 c4 ff ff 33 d2 33 c9 e8 bc e1 ff ff 90 48 89
0x00007ffd1c086337:   54 24 10 55 48 83 ec 20 48 8b ea 48 b8 00 00 00
0x00007ffd1c086347:   00 00 00 00 00 48 83 c4 20 5d c3 cc 40 55 48 8b
0x00007ffd1c086357:   ea 48 8b 01 33 c9 81 38 05 00 00 c0 0f 94 c1 8b
0x00007ffd1c086367:   c1 5d c3 cc 40 55 48 83 ec 20 48 8b ea 8a 4d 40
0x00007ffd1c086377:   48 83 c4 20 5d e9 63 d3 ff ff cc 40 55 48 83 ec
0x00007ffd1c086387:   20 48 8b ea 8a 4d 20 e8 51 d3 ff ff 90 48 83 c4
0x00007ffd1c086397:   20 5d c3 cc 40 55 48 83 ec 20 48 8b ea 48 83 c4
0x00007ffd1c0863a7:   20 5d e9 b2 d1 ff ff cc 40 55 48 83 ec 30 48 8b
0x00007ffd1c0863b7:   ea 48 8b 01 8b 10 48 89 4c 24 28 89 54 24 20 4c
0x00007ffd1c0863c7:   8d 0d 53 d6 ff ff 4c 8b 45 70 8b 55 68 48 8b 4d
0x00007ffd1c0863d7:   60 e8 f3 d0 ff ff 90 48 83 c4 30 5d c3 cc cc cc
0x00007ffd1c0863e7:   cc cc cc cc cc cc cc cc cc 40 53 48 83 ec 20 48
0x00007ffd1c0863f7:   8b 1d 8b 35 01 00 48 85 db 74 16 e8 79 8b ff ff
0x00007ffd1c086407:   4c 8b 00 48 8b d3 48 8b c8 41 ff 90 b0 00 00 00
0x00007ffd1c086417:   90 48 83 c4 20 5b c3 cc cc 40 53 48 83 ec 20 48
0x00007ffd1c086427:   8b 1d fb 36 01 00 48 85 db 74 57 b8 ff ff ff ff
0x00007ffd1c086437:   f0 0f c1 43 10 83 f8 01 75 3d 48 85 db 74 38 48
0x00007ffd1c086447:   8b 0b 48 85 c9 74 0d ff 15 54 0e 00 00 48 c7 03
0x00007ffd1c086457:   00 00 00 00 48 8b 4b 08 48 85 c9 74 0d e8 23 ce
0x00007ffd1c086467:   ff ff 48 c7 43 08 00 00 00 00 ba 18 00 00 00 48
0x00007ffd1c086477:   8b cb e8 0e ce ff ff 48 c7 05 9f 36 01 00 00 00
0x00007ffd1c086487:   00 00 48 83 c4 20 5b c3 cc 40 53 48 83 ec 20 48
0x00007ffd1c086497:   8b 1d 6b 36 01 00 48 85 db 74 57 b8 ff ff ff ff
0x00007ffd1c0864a7:   f0 0f c1 43 10 83 f8 01 75 3d 48 85 db 74 38 48
0x00007ffd1c0864b7:   8b 0b 48 85 c9 74 0d ff 15 e4 0d 00 00 48 c7 03
0x00007ffd1c0864c7:   00 00 00 00 48 8b 4b 08 48 85 c9 74 0d e8 b3 cd
0x00007ffd1c0864d7:   ff ff 48 c7 43 08 00 00 00 00 ba 18 00 00 00 48
0x00007ffd1c0864e7:   8b cb e8 9e cd ff ff 48 c7 05 0f 36 01 00 00 00
0x00007ffd1c0864f7:   00 00 48 83 c4 20 5b c3 cc 40 53 48 83 ec 20 48 


Stack slot to memory mapping:
stack at sp + 0 slots: 0x0 is NULL
stack at sp + 1 slots: 0x0000015ed3fed3a0 points into unknown readable memory: 0x0000eb9d3f6720a8 | a8 20 67 3f 9d eb 00 00
stack at sp + 2 slots: 0x00007ffcddd472a0 jvm.dll
stack at sp + 3 slots: 0x00007ffd1c083d40 glass.dll
stack at sp + 4 slots: 0x0000015ed3fed3a8 points into unknown readable memory: 0x0000f46278652ebe | be 2e 65 78 62 f4 00 00
stack at sp + 5 slots: 0x00007ffd448442d6 ucrtbase.dll
stack at sp + 6 slots: 0x0000f46278652ebe is an unknown value
stack at sp + 7 slots: 0x0000015e00000000 is an unknown value

VM_Operation (0x000000340ccff530): Exit, mode: safepoint, requested by thread 0x0000015ed48239d0


---------------  P R O C E S S  ---------------

Threads class SMR info:
_java_thread_list=0x0000015ed31d1300, length=21, elements={
0x0000015ea9851870, 0x0000015ecec6c020, 0x0000015ecec6ce10, 0x0000015ecec74150,
0x0000015ecec74690, 0x0000015ecec76d80, 0x0000015ecec77bb0, 0x0000015ecec856b0,
0x0000015ecec8b680, 0x0000015ecec3d910, 0x0000015ed3a50d80, 0x0000015ed3b9c9f0,
0x0000015ed3320a60, 0x0000015ed3fee010, 0x0000015ed3e0a3d0, 0x0000015ed426a9b0,
0x0000015ed426bef0, 0x0000015ed426b9a0, 0x0000015ed426c440, 0x0000015ed4825460,
0x0000015ed48239d0
}

Java Threads: ( => current thread )
  0x0000015ea9851870 JavaThread "main" [_thread_blocked, id=10656, stack(0x000000340ce00000,0x000000340cf00000)]
  0x0000015ecec6c020 JavaThread "Reference Handler" daemon [_thread_blocked, id=22076, stack(0x000000340d500000,0x000000340d600000)]
  0x0000015ecec6ce10 JavaThread "Finalizer" daemon [_thread_blocked, id=26696, stack(0x000000340d600000,0x000000340d700000)]
  0x0000015ecec74150 JavaThread "Attach Listener" daemon [_thread_blocked, id=5672, stack(0x000000340d800000,0x000000340d900000)]
  0x0000015ecec74690 JavaThread "Service Thread" daemon [_thread_blocked, id=24188, stack(0x000000340d900000,0x000000340da00000)]
  0x0000015ecec76d80 JavaThread "Monitor Deflation Thread" daemon [_thread_blocked, id=15992, stack(0x000000340da00000,0x000000340db00000)]
  0x0000015ecec77bb0 JavaThread "C2 CompilerThread0" daemon [_thread_blocked, id=24476, stack(0x000000340db00000,0x000000340dc00000)]
  0x0000015ecec856b0 JavaThread "C1 CompilerThread0" daemon [_thread_blocked, id=21208, stack(0x000000340dc00000,0x000000340dd00000)]
  0x0000015ecec8b680 JavaThread "Sweeper thread" daemon [_thread_blocked, id=8240, stack(0x000000340dd00000,0x000000340de00000)]
  0x0000015ecec3d910 JavaThread "Common-Cleaner" daemon [_thread_blocked, id=19072, stack(0x000000340de00000,0x000000340df00000)]
  0x0000015ed3a50d80 JavaThread "Monitor Ctrl-Break" daemon [_thread_in_native, id=14948, stack(0x000000340e600000,0x000000340e700000)]
  0x0000015ed3b9c9f0 JavaThread "Notification Thread" daemon [_thread_blocked, id=26620, stack(0x000000340e700000,0x000000340e800000)]
  0x0000015ed3320a60 JavaThread "QuantumRenderer-0" daemon [_thread_blocked, id=25764, stack(0x000000340e900000,0x000000340ea00000)]
  0x0000015ed3fee010 JavaThread "InvokeLaterDispatcher" daemon [_thread_blocked, id=9736, stack(0x000000340eb00000,0x000000340ec00000)]
  0x0000015ed3e0a3d0 JavaThread "JavaFX Application Thread" [_thread_in_native, id=5816, stack(0x000000340ec00000,0x000000340ed00000)]
  0x0000015ed426a9b0 JavaThread "JavaFX-Launcher" [_thread_blocked, id=11508, stack(0x000000340ef00000,0x000000340f000000)]
  0x0000015ed426bef0 JavaThread "Thread-2" daemon [_thread_in_native, id=12360, stack(0x000000340ee00000,0x000000340ef00000)]
  0x0000015ed426b9a0 JavaThread "Prism Font Disposer" daemon [_thread_blocked, id=12236, stack(0x000000340f300000,0x000000340f400000)]
  0x0000015ed426c440 JavaThread "Cleaner-0" daemon [_thread_blocked, id=24104, stack(0x000000340f660000,0x000000340f760000)]
  0x0000015ed4825460 JavaThread "mysql-cj-abandoned-connection-cleanup" daemon [_thread_blocked, id=27644, stack(0x000000340df80000,0x000000340e080000)]
  0x0000015ed48239d0 JavaThread "SIGINT handler" daemon [_thread_blocked, id=2556, stack(0x000000340cc00000,0x000000340cd00000)]

Other Threads:
=>0x0000015ecec4fdb0 VMThread "VM Thread" [stack: 0x000000340d400000,0x000000340d500000] [id=11632]
  0x0000015ea98c2900 WorkerThread "GC Thread#0" [stack: 0x000000340cf00000,0x000000340d000000] [id=5640]
  0x0000015ed3177360 WorkerThread "GC Thread#1" [stack: 0x000000340e100000,0x000000340e200000] [id=15436]
  0x0000015ed393a030 WorkerThread "GC Thread#2" [stack: 0x000000340e200000,0x000000340e300000] [id=3032]
  0x0000015ed38aee20 WorkerThread "GC Thread#3" [stack: 0x000000340e300000,0x000000340e400000] [id=24696]
  0x0000015ed38af0f0 WorkerThread "GC Thread#4" [stack: 0x000000340e400000,0x000000340e500000] [id=22788]
  0x0000015ed38af3c0 WorkerThread "GC Thread#5" [stack: 0x000000340e500000,0x000000340e600000] [id=16196]
  0x0000015ed45fef70 WorkerThread "GC Thread#6" [stack: 0x000000340f400000,0x000000340f500000] [id=27552]
  0x0000015ed4600320 WorkerThread "GC Thread#7" [stack: 0x000000340f500000,0x000000340f600000] [id=4044]
  0x0000015ea98d3760 ConcurrentGCThread "G1 Main Marker" terminated
  0x0000015ea98d4330 WorkerThread "G1 Conc#0" [stack: 0x000000340d100000,0x000000340d200000] [id=23268]
  0x0000015ed45fd8f0 WorkerThread "G1 Conc#1" [stack: 0x000000340f970000,0x000000340fa70000] [id=23372]
  0x0000015ea991e630 ConcurrentGCThread "G1 Refine#0" terminated
  0x0000015eceb0d790 ConcurrentGCThread "G1 Service" terminated

Threads with active compile tasks:

VM state: at safepoint (shutting down)

VM Mutex/Monitor currently owned by a thread:  ([mutex/lock_event])
[0x0000015ea984bf10] Threads_lock - owner thread: 0x0000015ecec4fdb0
[0x0000015ea984c270] Heap_lock - owner thread: 0x0000015ed48239d0

Heap address: 0x0000000701000000, size: 4080 MB, Compressed Oops mode: Zero based, Oop shift amount: 3

CDS archive(s) mapped at: [0x0000000800000000-0x0000000800c30000-0x0000000800c30000), size 12779520, SharedBaseAddress: 0x0000000800000000, ArchiveRelocationMode: 0.
Compressed class space mapped at: 0x0000000801000000-0x0000000841000000, reserved size: 1073741824
Narrow klass base: 0x0000000800000000, Narrow klass shift: 0, Narrow klass range: 0x100000000

GC Precious Log:
 CardTable entry size: 512
 Card Set container configuration: InlinePtr #cards 4 size 8 Array Of Cards #cards 16 size 48 Howl #buckets 8 coarsen threshold 3686 Howl Bitmap #cards 512 size 80 coarsen threshold 460 Card regions per heap region 1 cards per card region 4096
 CPUs: 8 total, 8 available
 Memory: 16317M
 Large Page Support: Disabled
 NUMA Support: Disabled
 Compressed Oops: Enabled (Zero based)
 Heap Region Size: 2M
 Heap Min Capacity: 8M
 Heap Initial Capacity: 256M
 Heap Max Capacity: 4080M
 Pre-touch: Disabled
 Parallel Workers: 8
 Concurrent Workers: 2
 Concurrent Refinement Workers: 8
 Periodic GC: Disabled

Heap:
 garbage-first heap   total 81920K, used 52410K [0x0000000701000000, 0x0000000800000000)
  region size 2048K, 21 young (43008K), 5 survivors (10240K)
 Metaspace       used 26675K, committed 27072K, reserved 1114112K
  class space    used 3635K, committed 3840K, reserved 1048576K

Heap Regions: E=young(eden), S=young(survivor), O=old, HS=humongous(starts), HC=humongous(continues), CS=collection set, F=free, OA=open archive, CA=closed archive, TAMS=top-at-mark-start (previous, next)
|   0|0x0000000701000000, 0x0000000701200000, 0x0000000701200000|100%| O|  |TAMS 0x0000000701200000, 0x0000000701000000| Untracked 
|   1|0x0000000701200000, 0x0000000701200000, 0x0000000701400000|  0%| F|  |TAMS 0x0000000701200000, 0x0000000701200000| Untracked 
|   2|0x0000000701400000, 0x0000000701600000, 0x0000000701600000|100%|HS|  |TAMS 0x0000000701600000, 0x0000000701400000| Complete 
|   3|0x0000000701600000, 0x0000000701800000, 0x0000000701800000|100%|HS|  |TAMS 0x0000000701800000, 0x0000000701600000| Complete 
|   4|0x0000000701800000, 0x0000000701a00000, 0x0000000701a00000|100%| O|  |TAMS 0x0000000701a00000, 0x0000000701800000| Untracked 
|   5|0x0000000701a00000, 0x0000000701a00000, 0x0000000701c00000|  0%| F|  |TAMS 0x0000000701a00000, 0x0000000701a00000| Untracked 
|   6|0x0000000701c00000, 0x0000000701c00000, 0x0000000701e00000|  0%| F|  |TAMS 0x0000000701c00000, 0x0000000701c00000| Untracked 
|   7|0x0000000701e00000, 0x0000000701e00000, 0x0000000702000000|  0%| F|  |TAMS 0x0000000701e00000, 0x0000000701e00000| Untracked 
|   8|0x0000000702000000, 0x0000000702200000, 0x0000000702200000|100%| O|  |TAMS 0x0000000702200000, 0x0000000702000000| Complete 
|   9|0x0000000702200000, 0x0000000702367000, 0x0000000702400000| 70%| O|  |TAMS 0x0000000702367000, 0x0000000702200000| Untracked 
|  10|0x0000000702400000, 0x0000000702400000, 0x0000000702600000|  0%| F|  |TAMS 0x0000000702400000, 0x0000000702400000| Untracked 
|  11|0x0000000702600000, 0x0000000702600000, 0x0000000702800000|  0%| F|  |TAMS 0x0000000702600000, 0x0000000702600000| Untracked 
|  12|0x0000000702800000, 0x0000000702800000, 0x0000000702a00000|  0%| F|  |TAMS 0x0000000702800000, 0x0000000702800000| Untracked 
|  13|0x0000000702a00000, 0x0000000702a00000, 0x0000000702c00000|  0%| F|  |TAMS 0x0000000702a00000, 0x0000000702a00000| Untracked 
|  14|0x0000000702c00000, 0x0000000702c00000, 0x0000000702e00000|  0%| F|  |TAMS 0x0000000702c00000, 0x0000000702c00000| Untracked 
|  15|0x0000000702e00000, 0x0000000702e00000, 0x0000000703000000|  0%| F|  |TAMS 0x0000000702e00000, 0x0000000702e00000| Untracked 
|  16|0x0000000703000000, 0x0000000703000000, 0x0000000703200000|  0%| F|  |TAMS 0x0000000703000000, 0x0000000703000000| Untracked 
|  17|0x0000000703200000, 0x0000000703200000, 0x0000000703400000|  0%| F|  |TAMS 0x0000000703200000, 0x0000000703200000| Untracked 
|  18|0x0000000703400000, 0x0000000703400000, 0x0000000703600000|  0%| F|  |TAMS 0x0000000703400000, 0x0000000703400000| Untracked 
|  19|0x0000000703600000, 0x0000000703631280, 0x0000000703800000|  9%| E|  |TAMS 0x0000000703600000, 0x0000000703600000| Complete 
|  20|0x0000000703800000, 0x0000000703a00000, 0x0000000703a00000|100%| E|CS|TAMS 0x0000000703800000, 0x0000000703800000| Complete 
|  21|0x0000000703a00000, 0x0000000703c00000, 0x0000000703c00000|100%| E|CS|TAMS 0x0000000703a00000, 0x0000000703a00000| Complete 
|  22|0x0000000703c00000, 0x0000000703e00000, 0x0000000703e00000|100%| E|CS|TAMS 0x0000000703c00000, 0x0000000703c00000| Complete 
|  23|0x0000000703e00000, 0x0000000704000000, 0x0000000704000000|100%| E|CS|TAMS 0x0000000703e00000, 0x0000000703e00000| Complete 
|  24|0x0000000704000000, 0x0000000704200000, 0x0000000704200000|100%| E|CS|TAMS 0x0000000704000000, 0x0000000704000000| Complete 
|  25|0x0000000704200000, 0x0000000704400000, 0x0000000704400000|100%| E|CS|TAMS 0x0000000704200000, 0x0000000704200000| Complete 
|  26|0x0000000704400000, 0x0000000704600000, 0x0000000704600000|100%| E|CS|TAMS 0x0000000704400000, 0x0000000704400000| Complete 
|  27|0x0000000704600000, 0x0000000704800000, 0x0000000704800000|100%| E|CS|TAMS 0x0000000704600000, 0x0000000704600000| Complete 
|  28|0x0000000704800000, 0x0000000704a00000, 0x0000000704a00000|100%| E|CS|TAMS 0x0000000704800000, 0x0000000704800000| Complete 
|  29|0x0000000704a00000, 0x0000000704c00000, 0x0000000704c00000|100%| E|CS|TAMS 0x0000000704a00000, 0x0000000704a00000| Complete 
|  30|0x0000000704c00000, 0x0000000704e00000, 0x0000000704e00000|100%| E|CS|TAMS 0x0000000704c00000, 0x0000000704c00000| Complete 
|  31|0x0000000704e00000, 0x0000000705000000, 0x0000000705000000|100%| E|CS|TAMS 0x0000000704e00000, 0x0000000704e00000| Complete 
|  32|0x0000000705000000, 0x0000000705200000, 0x0000000705200000|100%| E|CS|TAMS 0x0000000705000000, 0x0000000705000000| Complete 
|  33|0x0000000705200000, 0x0000000705400000, 0x0000000705400000|100%| E|CS|TAMS 0x0000000705200000, 0x0000000705200000| Complete 
| 113|0x000000070f200000, 0x000000070f3c7a98, 0x000000070f400000| 88%| S|CS|TAMS 0x000000070f200000, 0x000000070f200000| Complete 
| 114|0x000000070f400000, 0x000000070f600000, 0x000000070f600000|100%| S|CS|TAMS 0x000000070f400000, 0x000000070f400000| Complete 
| 115|0x000000070f600000, 0x000000070f800000, 0x000000070f800000|100%| S|CS|TAMS 0x000000070f600000, 0x000000070f600000| Complete 
| 116|0x000000070f800000, 0x000000070fa00000, 0x000000070fa00000|100%| S|CS|TAMS 0x000000070f800000, 0x000000070f800000| Complete 
| 117|0x000000070fa00000, 0x000000070fc00000, 0x000000070fc00000|100%| S|CS|TAMS 0x000000070fa00000, 0x000000070fa00000| Complete 
| 127|0x0000000710e00000, 0x0000000711000000, 0x0000000711000000|100%| E|CS|TAMS 0x0000000710e00000, 0x0000000710e00000| Complete 

Card table byte_map: [0x0000015ec3220000,0x0000015ec3a20000] _byte_map_base: 0x0000015ebfa18000

Marking Bits (Prev, Next): (CMBitMap*) 0x0000015ea98c2f70, (CMBitMap*) 0x0000015ea98c2f30
 Prev Bits: [0x0000015ec81e0000, 0x0000015ecc1a0000)
 Next Bits: [0x0000015ec4220000, 0x0000015ec81e0000)

Polling page: 0x0000015ea9920000

Metaspace:

Usage:
  Non-class:     22.50 MB used.
      Class:      3.55 MB used.
       Both:     26.05 MB used.

Virtual space:
  Non-class space:       64.00 MB reserved,      22.69 MB ( 35%) committed,  1 nodes.
      Class space:        1.00 GB reserved,       3.75 MB ( <1%) committed,  1 nodes.
             Both:        1.06 GB reserved,      26.44 MB (  2%) committed. 

Chunk freelists:
   Non-Class:  448.00 KB
       Class:  166.00 KB
        Both:  614.00 KB

MaxMetaspaceSize: unlimited
CompressedClassSpaceSize: 1.00 GB
Initial GC threshold: 21.00 MB
Current GC threshold: 35.25 MB
CDS: on
MetaspaceReclaimPolicy: balanced
 - commit_granule_bytes: 65536.
 - commit_granule_words: 8192.
 - virtual_space_node_default_size: 8388608.
 - enlarge_chunks_in_place: 1.
 - new_chunks_are_fully_committed: 0.
 - uncommit_free_chunks: 1.
 - use_allocation_guard: 0.


Internal statistics:

num_allocs_failed_limit: 3.
num_arena_births: 426.
num_arena_deaths: 0.
num_vsnodes_births: 2.
num_vsnodes_deaths: 0.
num_space_committed: 423.
num_space_uncommitted: 0.
num_chunks_returned_to_freelist: 3.
num_chunks_taken_from_freelist: 1142.
num_chunk_merges: 0.
num_chunk_splits: 807.
num_chunks_enlarged: 617.
num_inconsistent_stats: 0.

CodeHeap 'non-profiled nmethods': size=120000Kb used=1960Kb max_used=1960Kb free=118039Kb
 bounds [0x0000015ebaa90000, 0x0000015ebad00000, 0x0000015ec1fc0000]
CodeHeap 'profiled nmethods': size=120000Kb used=7608Kb max_used=7608Kb free=112391Kb
 bounds [0x0000015eb2fc0000, 0x0000015eb3730000, 0x0000015eba4f0000]
CodeHeap 'non-nmethods': size=5760Kb used=1597Kb max_used=1626Kb free=4162Kb
 bounds [0x0000015eba4f0000, 0x0000015eba760000, 0x0000015ebaa90000]
 total_blobs=5042 nmethods=4148 adapters=803
 compilation: enabled
              stopped_count=0, restarted_count=0
 full_count=0

Compilation events (20 events):
Event: 362.280 Thread 0x0000015ecec856b0 4143       3       jdk.internal.loader.BuiltinClassLoader::checkURL (5 bytes)
Event: 362.280 Thread 0x0000015ecec856b0 nmethod 4143 0x0000015eb3727e90 code [0x0000015eb3728040, 0x0000015eb3728228]
Event: 362.280 Thread 0x0000015ecec856b0 4144   !   3       jdk.internal.loader.URLClassPath::checkURL (16 bytes)
Event: 362.280 Thread 0x0000015ecec856b0 nmethod 4144 0x0000015eb3728310 code [0x0000015eb37284c0, 0x0000015eb3728688]
Event: 387.285 Thread 0x0000015ecec856b0 4145   !   3       jdk.internal.loader.BuiltinClassLoader::findResource (154 bytes)
Event: 387.286 Thread 0x0000015ecec856b0 nmethod 4145 0x0000015eb3728790 code [0x0000015eb3728b00, 0x0000015eb3729fc8]
Event: 387.286 Thread 0x0000015ecec856b0 4146   !   3       jdk.internal.loader.BuiltinClassLoader::findMiscResource (122 bytes)
Event: 387.286 Thread 0x0000015ecec856b0 nmethod 4146 0x0000015eb372a810 code [0x0000015eb372aac0, 0x0000015eb372bd08]
Event: 487.319 Thread 0x0000015ecec856b0 4147       3       jdk.internal.loader.BuiltinClassLoader::hasClassPath (13 bytes)
Event: 487.320 Thread 0x0000015ecec856b0 nmethod 4147 0x0000015eb372c190 code [0x0000015eb372c320, 0x0000015eb372c498]
Event: 512.324 Thread 0x0000015ecec77bb0 4148       4       jdk.internal.misc.Unsafe::putReferenceOpaque (9 bytes)
Event: 512.325 Thread 0x0000015ecec77bb0 nmethod 4148 0x0000015ebac79f10 code [0x0000015ebac7a080, 0x0000015ebac7a1b8]
Event: 512.326 Thread 0x0000015ecec856b0 4149       3       java.util.concurrent.locks.AbstractQueuedSynchronizer$Node::setStatusRelaxed (12 bytes)
Event: 512.326 Thread 0x0000015ecec856b0 nmethod 4149 0x0000015eb372c510 code [0x0000015eb372c6a0, 0x0000015eb372c7b8]
Event: 547.465 Thread 0x0000015ecec856b0 4150   !   3       java.util.concurrent.locks.LockSupport::parkNanos (56 bytes)
Event: 547.466 Thread 0x0000015ecec856b0 nmethod 4150 0x0000015eb372c890 code [0x0000015eb372ca80, 0x0000015eb372cee8]
Event: 597.342 Thread 0x0000015ecec856b0 4151       3       java.lang.ClassLoader::getResource (41 bytes)
Event: 597.343 Thread 0x0000015ecec856b0 nmethod 4151 0x0000015eb372d090 code [0x0000015eb372d280, 0x0000015eb372d898]
Event: 707.372 Thread 0x0000015ecec856b0 4152       3       jdk.internal.loader.BuiltinClassLoader::findResourceOnClassPath (41 bytes)
Event: 707.372 Thread 0x0000015ecec856b0 nmethod 4152 0x0000015eb372da90 code [0x0000015eb372dc60, 0x0000015eb372e068]

GC Heap History (8 events):
Event: 0.232 GC heap before
{Heap before GC invocations=0 (full 0):
 garbage-first heap   total 262144K, used 32768K [0x0000000701000000, 0x0000000800000000)
  region size 2048K, 11 young (22528K), 0 survivors (0K)
 Metaspace       used 2552K, committed 2688K, reserved 1114112K
  class space    used 239K, committed 320K, reserved 1048576K
}
Event: 0.237 GC heap after
{Heap after GC invocations=1 (full 0):
 garbage-first heap   total 262144K, used 18197K [0x0000000701000000, 0x0000000800000000)
  region size 2048K, 2 young (4096K), 2 survivors (4096K)
 Metaspace       used 2552K, committed 2688K, reserved 1114112K
  class space    used 239K, committed 320K, reserved 1048576K
}
Event: 0.341 GC heap before
{Heap before GC invocations=1 (full 0):
 garbage-first heap   total 262144K, used 30485K [0x0000000701000000, 0x0000000800000000)
  region size 2048K, 8 young (16384K), 2 survivors (4096K)
 Metaspace       used 2952K, committed 3136K, reserved 1114112K
  class space    used 275K, committed 384K, reserved 1048576K
}
Event: 0.343 GC heap after
{Heap after GC invocations=2 (full 0):
 garbage-first heap   total 262144K, used 12826K [0x0000000701000000, 0x0000000800000000)
  region size 2048K, 1 young (2048K), 1 survivors (2048K)
 Metaspace       used 2952K, committed 3136K, reserved 1114112K
  class space    used 275K, committed 384K, reserved 1048576K
}
Event: 1.232 GC heap before
{Heap before GC invocations=2 (full 0):
 garbage-first heap   total 262144K, used 70170K [0x0000000701000000, 0x0000000800000000)
  region size 2048K, 28 young (57344K), 1 survivors (2048K)
 Metaspace       used 14995K, committed 15296K, reserved 1114112K
  class space    used 2165K, committed 2304K, reserved 1048576K
}
Event: 1.236 GC heap after
{Heap after GC invocations=3 (full 0):
 garbage-first heap   total 262144K, used 26012K [0x0000000701000000, 0x0000000800000000)
  region size 2048K, 4 young (8192K), 4 survivors (8192K)
 Metaspace       used 14995K, committed 15296K, reserved 1114112K
  class space    used 2165K, committed 2304K, reserved 1048576K
}
Event: 7.450 GC heap before
{Heap before GC invocations=3 (full 0):
 garbage-first heap   total 262144K, used 46492K [0x0000000701000000, 0x0000000800000000)
  region size 2048K, 14 young (28672K), 4 survivors (8192K)
 Metaspace       used 21142K, committed 21504K, reserved 1114112K
  class space    used 2814K, committed 3008K, reserved 1048576K
}
Event: 7.454 GC heap after
{Heap after GC invocations=4 (full 0):
 garbage-first heap   total 262144K, used 29882K [0x0000000701000000, 0x0000000800000000)
  region size 2048K, 5 young (10240K), 5 survivors (10240K)
 Metaspace       used 21142K, committed 21504K, reserved 1114112K
  class space    used 2814K, committed 3008K, reserved 1048576K
}

Dll operation events (20 events):
Event: 0.533 Loaded shared library C:\Users\admin\.openjfx\cache\19.0.2.1+1\amd64\api-ms-win-crt-locale-l1-1-0.dll
Event: 0.535 Loaded shared library C:\Users\admin\.openjfx\cache\19.0.2.1+1\amd64\api-ms-win-crt-math-l1-1-0.dll
Event: 0.537 Loaded shared library C:\Users\admin\.openjfx\cache\19.0.2.1+1\amd64\api-ms-win-crt-multibyte-l1-1-0.dll
Event: 0.540 Loaded shared library C:\Users\admin\.openjfx\cache\19.0.2.1+1\amd64\api-ms-win-crt-private-l1-1-0.dll
Event: 0.541 Loaded shared library C:\Users\admin\.openjfx\cache\19.0.2.1+1\amd64\api-ms-win-crt-process-l1-1-0.dll
Event: 0.544 Loaded shared library C:\Users\admin\.openjfx\cache\19.0.2.1+1\amd64\api-ms-win-crt-runtime-l1-1-0.dll
Event: 0.545 Loaded shared library C:\Users\admin\.openjfx\cache\19.0.2.1+1\amd64\api-ms-win-crt-stdio-l1-1-0.dll
Event: 0.547 Loaded shared library C:\Users\admin\.openjfx\cache\19.0.2.1+1\amd64\api-ms-win-crt-string-l1-1-0.dll
Event: 0.549 Loaded shared library C:\Users\admin\.openjfx\cache\19.0.2.1+1\amd64\api-ms-win-crt-time-l1-1-0.dll
Event: 0.551 Loaded shared library C:\Users\admin\.openjfx\cache\19.0.2.1+1\amd64\api-ms-win-crt-utility-l1-1-0.dll
Event: 0.562 Loaded shared library C:\Users\admin\.openjfx\cache\19.0.2.1+1\amd64\ucrtbase.dll
Event: 0.564 Loaded shared library C:\Users\admin\.openjfx\cache\19.0.2.1+1\amd64\vcruntime140.dll
Event: 0.567 Loaded shared library C:\Users\admin\.openjfx\cache\19.0.2.1+1\amd64\vcruntime140_1.dll
Event: 0.573 Loaded shared library C:\Users\admin\.openjfx\cache\19.0.2.1+1\amd64\msvcp140.dll
Event: 0.575 Loaded shared library C:\Users\admin\.openjfx\cache\19.0.2.1+1\amd64\msvcp140_1.dll
Event: 0.578 Loaded shared library C:\Users\admin\.openjfx\cache\19.0.2.1+1\amd64\msvcp140_2.dll
Event: 0.605 Loaded shared library C:\Users\admin\.openjfx\cache\19.0.2.1+1\amd64\prism_d3d.dll
Event: 0.659 Loaded shared library C:\Users\admin\.openjfx\cache\19.0.2.1+1\amd64\glass.dll
Event: 0.895 Loaded shared library C:\Users\admin\.openjfx\cache\19.0.2.1+1\amd64\javafx_font.dll
Event: 7.358 Loaded shared library C:\Users\admin\.jdks\openjdk-19.0.1\bin\sunmscapi.dll

Deoptimization events (20 events):
Event: 185.614 Thread 0x0000015ed3e0a3d0 Uncommon trap: trap_request=0xffffffde fr.pc=0x0000015ebac12f94 relative=0x0000000000000414
Event: 185.614 Thread 0x0000015ed3e0a3d0 Uncommon trap: reason=class_check action=maybe_recompile pc=0x0000015ebac12f94 method=javafx.scene.Node.updateLocalToParentTransform()V @ 11 c2
Event: 185.614 Thread 0x0000015ed3e0a3d0 DEOPT PACKING pc=0x0000015ebac12f94 sp=0x000000340ecf28f0
Event: 185.614 Thread 0x0000015ed3e0a3d0 DEOPT UNPACKING pc=0x0000015eba556da3 sp=0x000000340ecf2880 mode 2
Event: 185.614 Thread 0x0000015ed3e0a3d0 Uncommon trap: trap_request=0xffffffde fr.pc=0x0000015ebac12f94 relative=0x0000000000000414
Event: 185.614 Thread 0x0000015ed3e0a3d0 Uncommon trap: reason=class_check action=maybe_recompile pc=0x0000015ebac12f94 method=javafx.scene.Node.updateLocalToParentTransform()V @ 11 c2
Event: 185.614 Thread 0x0000015ed3e0a3d0 DEOPT PACKING pc=0x0000015ebac12f94 sp=0x000000340ecf28f0
Event: 185.614 Thread 0x0000015ed3e0a3d0 DEOPT UNPACKING pc=0x0000015eba556da3 sp=0x000000340ecf2880 mode 2
Event: 185.615 Thread 0x0000015ed3e0a3d0 Uncommon trap: trap_request=0xffffffde fr.pc=0x0000015ebac12f94 relative=0x0000000000000414
Event: 185.615 Thread 0x0000015ed3e0a3d0 Uncommon trap: reason=class_check action=maybe_recompile pc=0x0000015ebac12f94 method=javafx.scene.Node.updateLocalToParentTransform()V @ 11 c2
Event: 185.615 Thread 0x0000015ed3e0a3d0 DEOPT PACKING pc=0x0000015ebac12f94 sp=0x000000340ecf3f50
Event: 185.615 Thread 0x0000015ed3e0a3d0 DEOPT UNPACKING pc=0x0000015eba556da3 sp=0x000000340ecf3ee0 mode 2
Event: 186.146 Thread 0x0000015ed3e0a3d0 Uncommon trap: trap_request=0xffffff45 fr.pc=0x0000015ebac3f338 relative=0x00000000000007b8
Event: 186.146 Thread 0x0000015ed3e0a3d0 Uncommon trap: reason=unstable_if action=reinterpret pc=0x0000015ebac3f338 method=javafx.scene.Parent.getOrderedChildren()Ljava/util/List; @ 7 c2
Event: 186.146 Thread 0x0000015ed3e0a3d0 DEOPT PACKING pc=0x0000015ebac3f338 sp=0x000000340ecf90d0
Event: 186.146 Thread 0x0000015ed3e0a3d0 DEOPT UNPACKING pc=0x0000015eba556da3 sp=0x000000340ecf8e20 mode 2
Event: 205.027 Thread 0x0000015ed3e0a3d0 DEOPT PACKING pc=0x0000015eb34918de sp=0x000000340ecf7420
Event: 205.027 Thread 0x0000015ed3e0a3d0 DEOPT UNPACKING pc=0x0000015eba557543 sp=0x000000340ecf6850 mode 0
Event: 205.030 Thread 0x0000015ed3e0a3d0 DEOPT PACKING pc=0x0000015eb34918de sp=0x000000340ecf7510
Event: 205.030 Thread 0x0000015ed3e0a3d0 DEOPT UNPACKING pc=0x0000015eba557543 sp=0x000000340ecf6940 mode 0

Classes loaded (20 events):
Event: 182.203 Loading class java/text/BreakIterator$BreakIteratorCache
Event: 182.203 Loading class java/text/BreakIterator$BreakIteratorCache done
Event: 185.261 Loading class java/util/RegularEnumSet$EnumSetIterator
Event: 185.261 Loading class java/util/RegularEnumSet$EnumSetIterator done
Event: 185.271 Loading class java/lang/StringIndexOutOfBoundsException
Event: 185.271 Loading class java/lang/StringIndexOutOfBoundsException done
Event: 185.273 Loading class java/util/concurrent/atomic/AtomicReferenceFieldUpdater
Event: 185.273 Loading class java/util/concurrent/atomic/AtomicReferenceFieldUpdater done
Event: 185.273 Loading class java/util/concurrent/atomic/AtomicReferenceFieldUpdater$AtomicReferenceFieldUpdaterImpl
Event: 185.273 Loading class java/util/concurrent/atomic/AtomicReferenceFieldUpdater$AtomicReferenceFieldUpdaterImpl done
Event: 185.273 Loading class java/util/concurrent/atomic/AtomicReferenceFieldUpdater$AtomicReferenceFieldUpdaterImpl$1
Event: 185.273 Loading class java/util/concurrent/atomic/AtomicReferenceFieldUpdater$AtomicReferenceFieldUpdaterImpl$1 done
Event: 185.273 Loading class sun/reflect/misc/ReflectUtil
Event: 185.273 Loading class sun/reflect/misc/ReflectUtil done
Event: 185.273 Loading class java/lang/Throwable$WrappedPrintStream
Event: 185.273 Loading class java/lang/Throwable$PrintStreamOrWriter
Event: 185.273 Loading class java/lang/Throwable$PrintStreamOrWriter done
Event: 185.273 Loading class java/lang/Throwable$WrappedPrintStream done
Event: 841.565 Loading class jdk/internal/misc/Signal$1
Event: 841.565 Loading class jdk/internal/misc/Signal$1 done

Classes unloaded (0 events):
No events

Classes redefined (0 events):
No events

Internal exceptions (20 events):
Event: 1.282 Thread 0x0000015ed3e0a3d0 Exception <a 'java/lang/NoSuchMethodError'{0x0000000710c59548}: 'java.lang.Object java.lang.invoke.DirectMethodHandle$Holder.newInvokeSpecial(java.lang.Object, java.lang.Object, long)'> (0x0000000710c59548) 
thrown [s\open\src\hotspot\share\interpreter\linkResolver.cpp, line 774]
Event: 1.283 Thread 0x0000015ed3e0a3d0 Exception <a 'java/lang/NoSuchMethodError'{0x0000000710c5d0d0}: 'java.lang.Object java.lang.invoke.Invokers$Holder.linkToTargetMethod(java.lang.Object, long, java.lang.Object)'> (0x0000000710c5d0d0) 
thrown [s\open\src\hotspot\share\interpreter\linkResolver.cpp, line 774]
Event: 7.199 Thread 0x0000015ed3e0a3d0 Exception <a 'sun/nio/fs/WindowsException'{0x0000000710639dc0}> (0x0000000710639dc0) 
thrown [s\open\src\hotspot\share\prims\jni.cpp, line 517]
Event: 7.372 Thread 0x0000015ed3e0a3d0 Exception <a 'sun/nio/fs/WindowsException'{0x000000070fe5d278}> (0x000000070fe5d278) 
thrown [s\open\src\hotspot\share\prims\jni.cpp, line 517]
Event: 7.376 Thread 0x0000015ed3e0a3d0 Exception <a 'sun/nio/fs/WindowsException'{0x000000070fe71fb8}> (0x000000070fe71fb8) 
thrown [s\open\src\hotspot\share\prims\jni.cpp, line 517]
Event: 7.400 Thread 0x0000015ed3e0a3d0 Exception <a 'java/lang/NoSuchMethodError'{0x000000070ff0ffa0}: 'java.lang.Object java.lang.invoke.DirectMethodHandle$Holder.invokeStaticInit(java.lang.Object, int, int, int, int)'> (0x000000070ff0ffa0) 
thrown [s\open\src\hotspot\share\interpreter\linkResolver.cpp, line 774]
Event: 7.432 Thread 0x0000015ed3e0a3d0 Exception <a 'java/lang/NoSuchMethodError'{0x000000070ffcada8}: 'java.lang.Object java.lang.invoke.DirectMethodHandle$Holder.invokeStaticInit(java.lang.Object, java.lang.Object, int, int, int, int)'> (0x000000070ffcada8) 
thrown [s\open\src\hotspot\share\interpreter\linkResolver.cpp, line 774]
Event: 7.600 Thread 0x0000015ed3e0a3d0 Exception <a 'java/lang/NoSuchMethodError'{0x0000000704e1a2f8}: 'java.lang.Object java.lang.invoke.DirectMethodHandle$Holder.newInvokeSpecial(java.lang.Object, double)'> (0x0000000704e1a2f8) 
thrown [s\open\src\hotspot\share\interpreter\linkResolver.cpp, line 774]
Event: 7.606 Thread 0x0000015ed3e0a3d0 Exception <a 'java/lang/NoSuchMethodError'{0x0000000704e56e98}: 'java.lang.Object java.lang.invoke.DelegatingMethodHandle$Holder.reinvoke_L(java.lang.Object, double, double, double, double)'> (0x0000000704e56e98) 
thrown [s\open\src\hotspot\share\interpreter\linkResolver.cpp, line 774]
Event: 7.607 Thread 0x0000015ed3e0a3d0 Exception <a 'java/lang/NoSuchMethodError'{0x0000000704e62460}: 'java.lang.Object java.lang.invoke.DirectMethodHandle$Holder.invokeStatic(java.lang.Object, java.lang.Object, int)'> (0x0000000704e62460) 
thrown [s\open\src\hotspot\share\interpreter\linkResolver.cpp, line 774]
Event: 7.608 Thread 0x0000015ed3e0a3d0 Exception <a 'java/lang/NoSuchMethodError'{0x0000000704e66600}: 'void java.lang.invoke.DirectMethodHandle$Holder.invokeStatic(java.lang.Object, java.lang.Object, int, java.lang.Object)'> (0x0000000704e66600) 
thrown [s\open\src\hotspot\share\interpreter\linkResolver.cpp, line 774]
Event: 7.608 Thread 0x0000015ed3e0a3d0 Exception <a 'java/lang/NoSuchMethodError'{0x0000000704e6d8c8}: 'void java.lang.invoke.DelegatingMethodHandle$Holder.delegate(java.lang.Object, java.lang.Object, int, java.lang.Object)'> (0x0000000704e6d8c8) 
thrown [s\open\src\hotspot\share\interpreter\linkResolver.cpp, line 774]
Event: 7.724 Thread 0x0000015ed3e0a3d0 Exception <a 'java/lang/NoSuchMethodError'{0x00000007048eb128}: 'void java.lang.invoke.DirectMethodHandle$Holder.invokeSpecial(java.lang.Object, java.lang.Object, int, int)'> (0x00000007048eb128) 
thrown [s\open\src\hotspot\share\interpreter\linkResolver.cpp, line 774]
Event: 7.725 Thread 0x0000015ed3e0a3d0 Exception <a 'java/lang/NoSuchMethodError'{0x00000007048f1bd0}: 'java.lang.Object java.lang.invoke.DirectMethodHandle$Holder.newInvokeSpecial(java.lang.Object, java.lang.Object, int, int)'> (0x00000007048f1bd0) 
thrown [s\open\src\hotspot\share\interpreter\linkResolver.cpp, line 774]
Event: 7.725 Thread 0x0000015ed3e0a3d0 Exception <a 'java/lang/NoSuchMethodError'{0x00000007048f6088}: 'java.lang.Object java.lang.invoke.DirectMethodHandle$Holder.invokeSpecial(java.lang.Object, java.lang.Object, java.lang.Object, int, int)'> (0x00000007048f6088) 
thrown [s\open\src\hotspot\share\interpreter\linkResolver.cpp, line 774]
Event: 10.006 Thread 0x0000015ed3e0a3d0 Exception <a 'java/lang/NoSuchMethodError'{0x00000007045ad008}: 'void java.lang.invoke.DirectMethodHandle$Holder.invokeSpecialIFC(java.lang.Object, java.lang.Object, java.lang.Object, java.lang.Object)'> (0x00000007045ad008) 
thrown [s\open\src\hotspot\share\interpreter\linkResolver.cpp, line 774]
Event: 181.076 Thread 0x0000015ed3e0a3d0 Implicit null exception at 0x0000015ebac37200 to 0x0000015ebac372b8
Event: 182.414 Thread 0x0000015ed3e0a3d0 Exception <a 'java/lang/NoSuchMethodError'{0x00000007041b9578}: 'java.lang.Object java.lang.invoke.DirectMethodHandle$Holder.newInvokeSpecial(java.lang.Object, java.lang.Object, int, int, int, int, int, java.lang.Object)'> (0x00000007041b9578) 
thrown [s\open\src\hotspot\share\interpreter\linkResolver.cpp, line 774]
Event: 182.415 Thread 0x0000015ed3e0a3d0 Exception <a 'java/lang/NoSuchMethodError'{0x00000007041cd020}: 'java.lang.Object java.lang.invoke.DirectMethodHandle$Holder.newInvokeSpecial(java.lang.Object, java.lang.Object, java.lang.Object, int, int, int, int, int)'> (0x00000007041cd020) 
thrown [s\open\src\hotspot\share\interpreter\linkResolver.cpp, line 774]
Event: 182.415 Thread 0x0000015ed3e0a3d0 Exception <a 'java/lang/NoSuchMethodError'{0x00000007041d5350}: 'java.lang.Object java.lang.invoke.Invokers$Holder.linkToTargetMethod(java.lang.Object, java.lang.Object, int, int, int, int, int, java.lang.Object)'> (0x00000007041d5350) 
thrown [s\open\src\hotspot\share\interpreter\linkResolver.cpp, line 774]

VM Operations (20 events):
Event: 195.779 Executing VM operation: Cleanup done
Event: 197.780 Executing VM operation: Cleanup
Event: 197.780 Executing VM operation: Cleanup done
Event: 199.781 Executing VM operation: Cleanup
Event: 199.781 Executing VM operation: Cleanup done
Event: 200.781 Executing VM operation: Cleanup
Event: 200.782 Executing VM operation: Cleanup done
Event: 203.782 Executing VM operation: Cleanup
Event: 203.782 Executing VM operation: Cleanup done
Event: 204.782 Executing VM operation: Cleanup
Event: 204.783 Executing VM operation: Cleanup done
Event: 206.784 Executing VM operation: Cleanup
Event: 206.784 Executing VM operation: Cleanup done
Event: 208.784 Executing VM operation: Cleanup
Event: 208.784 Executing VM operation: Cleanup done
Event: 392.875 Executing VM operation: Cleanup
Event: 392.875 Executing VM operation: Cleanup done
Event: 602.981 Executing VM operation: Cleanup
Event: 602.981 Executing VM operation: Cleanup done
Event: 841.567 Executing VM operation: Exit

Events (20 events):
Event: 8.779 Thread 0x0000015ed493fea0 Thread exited: 0x0000015ed493fea0
Event: 8.779 Thread 0x0000015ed493d7b0 Thread exited: 0x0000015ed493d7b0
Event: 185.253 Thread 0x0000015ed493a010 Thread added: 0x0000015ed493a010
Event: 185.260 Thread 0x0000015ed493d7b0 Thread added: 0x0000015ed493d7b0
Event: 185.442 Thread 0x0000015ed493d7b0 Thread exited: 0x0000015ed493d7b0
Event: 185.442 Thread 0x0000015ed493a010 Thread exited: 0x0000015ed493a010
Event: 185.599 Thread 0x0000015ed493edf0 Thread added: 0x0000015ed493edf0
Event: 185.615 Thread 0x0000015ed493d7b0 Thread added: 0x0000015ed493d7b0
Event: 185.740 Thread 0x0000015ed493d7b0 Thread exited: 0x0000015ed493d7b0
Event: 186.108 Thread 0x0000015ed493edf0 Thread exited: 0x0000015ed493edf0
Event: 205.023 Thread 0x0000015ed493a5a0 Thread added: 0x0000015ed493a5a0
Event: 205.026 Thread 0x0000015ed493cc90 Thread added: 0x0000015ed493cc90
Event: 206.193 Thread 0x0000015ed493cc90 Thread exited: 0x0000015ed493cc90
Event: 206.194 Thread 0x0000015ed493a5a0 Thread exited: 0x0000015ed493a5a0
Event: 841.565 Thread 0x0000015ed48239d0 Thread added: 0x0000015ed48239d0
Event: 841.565 Thread 0x0000015ed4827990 Thread added: 0x0000015ed4827990
Event: 841.565 Thread 0x0000015ed4824f10 Thread added: 0x0000015ed4824f10
Event: 841.566 Thread 0x0000015ed4827990 Thread exited: 0x0000015ed4827990
Event: 841.566 Thread 0x0000015ed4824f10 Thread exited: 0x0000015ed4824f10
Event: 841.567 Thread 0x0000015ecec6e940 Thread exited: 0x0000015ecec6e940


Dynamic libraries:
0x00007ff67c9f0000 - 0x00007ff67c9fe000 	C:\Users\admin\.jdks\openjdk-19.0.1\bin\java.exe
0x00007ffd46ed0000 - 0x00007ffd470c8000 	C:\WINDOWS\SYSTEM32\ntdll.dll
0x00007ffd457d0000 - 0x00007ffd4588f000 	C:\WINDOWS\System32\KERNEL32.DLL
0x00007ffd449c0000 - 0x00007ffd44cb6000 	C:\WINDOWS\System32\KERNELBASE.dll
0x00007ffd44830000 - 0x00007ffd44930000 	C:\WINDOWS\System32\ucrtbase.dll
0x00007ffd368c0000 - 0x00007ffd368db000 	C:\Users\admin\.jdks\openjdk-19.0.1\bin\VCRUNTIME140.dll
0x00007ffd37040000 - 0x00007ffd37057000 	C:\Users\admin\.jdks\openjdk-19.0.1\bin\jli.dll
0x00007ffd467b0000 - 0x00007ffd4694d000 	C:\WINDOWS\System32\USER32.dll
0x00007ffd2e6b0000 - 0x00007ffd2e94a000 	C:\WINDOWS\WinSxS\amd64_microsoft.windows.common-controls_6595b64144ccf1df_6.0.19041.1110_none_60b5254171f9507e\COMCTL32.dll
0x00007ffd44d60000 - 0x00007ffd44d82000 	C:\WINDOWS\System32\win32u.dll
0x00007ffd46e60000 - 0x00007ffd46e8c000 	C:\WINDOWS\System32\GDI32.dll
0x00007ffd45a80000 - 0x00007ffd45b1e000 	C:\WINDOWS\System32\msvcrt.dll
0x00007ffd44e10000 - 0x00007ffd44f25000 	C:\WINDOWS\System32\gdi32full.dll
0x00007ffd44cc0000 - 0x00007ffd44d5d000 	C:\WINDOWS\System32\msvcp_win.dll
0x00007ffd45330000 - 0x00007ffd45360000 	C:\WINDOWS\System32\IMM32.DLL
0x00007ffd38830000 - 0x00007ffd3883c000 	C:\Users\admin\.jdks\openjdk-19.0.1\bin\vcruntime140_1.dll
0x00007ffd12710000 - 0x00007ffd1279e000 	C:\Users\admin\.jdks\openjdk-19.0.1\bin\msvcp140.dll
0x00007ffcdd130000 - 0x00007ffcdddf0000 	C:\Users\admin\.jdks\openjdk-19.0.1\bin\server\jvm.dll
0x00007ffd46db0000 - 0x00007ffd46e5f000 	C:\WINDOWS\System32\ADVAPI32.dll
0x00007ffd45210000 - 0x00007ffd452ac000 	C:\WINDOWS\System32\sechost.dll
0x00007ffd46b00000 - 0x00007ffd46c26000 	C:\WINDOWS\System32\RPCRT4.dll
0x00007ffd387d0000 - 0x00007ffd387f7000 	C:\WINDOWS\SYSTEM32\WINMM.dll
0x00007ffd3b220000 - 0x00007ffd3b229000 	C:\WINDOWS\SYSTEM32\WSOCK32.dll
0x00007ffd3e6d0000 - 0x00007ffd3e6da000 	C:\WINDOWS\SYSTEM32\VERSION.dll
0x00007ffd452b0000 - 0x00007ffd4531b000 	C:\WINDOWS\System32\WS2_32.dll
0x00007ffd42490000 - 0x00007ffd424a2000 	C:\WINDOWS\SYSTEM32\kernel.appcore.dll
0x00007ffd382c0000 - 0x00007ffd382ca000 	C:\Users\admin\.jdks\openjdk-19.0.1\bin\jimage.dll
0x00007ffd3db40000 - 0x00007ffd3dd24000 	C:\WINDOWS\SYSTEM32\DBGHELP.DLL
0x00007ffd2c2c0000 - 0x00007ffd2c2f4000 	C:\WINDOWS\SYSTEM32\dbgcore.DLL
0x00007ffd44930000 - 0x00007ffd449b2000 	C:\WINDOWS\System32\bcryptPrimitives.dll
0x00007ffd3cc40000 - 0x00007ffd3cc4e000 	C:\Users\admin\.jdks\openjdk-19.0.1\bin\instrument.dll
0x00007ffd2ff60000 - 0x00007ffd2ff86000 	C:\Users\admin\.jdks\openjdk-19.0.1\bin\java.dll
0x00007ffd11660000 - 0x00007ffd11737000 	C:\Users\admin\.jdks\openjdk-19.0.1\bin\jsvml.dll
0x00007ffd45b20000 - 0x00007ffd46264000 	C:\WINDOWS\System32\SHELL32.dll
0x00007ffd42690000 - 0x00007ffd42e23000 	C:\WINDOWS\SYSTEM32\windows.storage.dll
0x00007ffd46450000 - 0x00007ffd467a4000 	C:\WINDOWS\System32\combase.dll
0x00007ffd43f30000 - 0x00007ffd43f5e000 	C:\WINDOWS\SYSTEM32\Wldp.dll
0x00007ffd46d00000 - 0x00007ffd46dad000 	C:\WINDOWS\System32\SHCORE.dll
0x00007ffd45890000 - 0x00007ffd458e5000 	C:\WINDOWS\System32\shlwapi.dll
0x00007ffd444f0000 - 0x00007ffd4450f000 	C:\WINDOWS\SYSTEM32\profapi.dll
0x00007ffd349a0000 - 0x00007ffd349b3000 	C:\Users\admin\.jdks\openjdk-19.0.1\bin\net.dll
0x00007ffd3caa0000 - 0x00007ffd3cbaa000 	C:\WINDOWS\SYSTEM32\WINHTTP.dll
0x00007ffd43c90000 - 0x00007ffd43cfa000 	C:\WINDOWS\system32\mswsock.dll
0x00007ffd2fea0000 - 0x00007ffd2feb6000 	C:\Users\admin\.jdks\openjdk-19.0.1\bin\nio.dll
0x00007ffd2f6f0000 - 0x00007ffd2f708000 	C:\Users\admin\.jdks\openjdk-19.0.1\bin\zip.dll
0x0000015ea9960000 - 0x0000015ea9963000 	C:\Users\admin\.openjfx\cache\19.0.2.1+1\amd64\api-ms-win-core-console-l1-1-0.dll
0x0000015ea9970000 - 0x0000015ea9973000 	C:\Users\admin\.openjfx\cache\19.0.2.1+1\amd64\api-ms-win-core-console-l1-2-0.dll
0x0000015ecedd0000 - 0x0000015ecedd3000 	C:\Users\admin\.openjfx\cache\19.0.2.1+1\amd64\api-ms-win-core-datetime-l1-1-0.dll
0x0000015ecede0000 - 0x0000015ecede3000 	C:\Users\admin\.openjfx\cache\19.0.2.1+1\amd64\api-ms-win-core-debug-l1-1-0.dll
0x0000015ecedf0000 - 0x0000015ecedf3000 	C:\Users\admin\.openjfx\cache\19.0.2.1+1\amd64\api-ms-win-core-errorhandling-l1-1-0.dll
0x0000015ecee00000 - 0x0000015ecee04000 	C:\Users\admin\.openjfx\cache\19.0.2.1+1\amd64\api-ms-win-core-file-l1-1-0.dll
0x0000015ecee10000 - 0x0000015ecee13000 	C:\Users\admin\.openjfx\cache\19.0.2.1+1\amd64\api-ms-win-core-file-l1-2-0.dll
0x0000015ecee20000 - 0x0000015ecee23000 	C:\Users\admin\.openjfx\cache\19.0.2.1+1\amd64\api-ms-win-core-file-l2-1-0.dll
0x0000015ecee30000 - 0x0000015ecee33000 	C:\Users\admin\.openjfx\cache\19.0.2.1+1\amd64\api-ms-win-core-handle-l1-1-0.dll
0x0000015ecee40000 - 0x0000015ecee43000 	C:\Users\admin\.openjfx\cache\19.0.2.1+1\amd64\api-ms-win-core-heap-l1-1-0.dll
0x0000015ecee50000 - 0x0000015ecee53000 	C:\Users\admin\.openjfx\cache\19.0.2.1+1\amd64\api-ms-win-core-interlocked-l1-1-0.dll
0x0000015ecee60000 - 0x0000015ecee63000 	C:\Users\admin\.openjfx\cache\19.0.2.1+1\amd64\api-ms-win-core-libraryloader-l1-1-0.dll
0x0000015ecee70000 - 0x0000015ecee73000 	C:\Users\admin\.openjfx\cache\19.0.2.1+1\amd64\api-ms-win-core-localization-l1-2-0.dll
0x0000015ecee80000 - 0x0000015ecee83000 	C:\Users\admin\.openjfx\cache\19.0.2.1+1\amd64\api-ms-win-core-memory-l1-1-0.dll
0x0000015ecee90000 - 0x0000015ecee93000 	C:\Users\admin\.openjfx\cache\19.0.2.1+1\amd64\api-ms-win-core-namedpipe-l1-1-0.dll
0x0000015eceea0000 - 0x0000015eceea3000 	C:\Users\admin\.openjfx\cache\19.0.2.1+1\amd64\api-ms-win-core-processenvironment-l1-1-0.dll
0x0000015eceeb0000 - 0x0000015eceeb3000 	C:\Users\admin\.openjfx\cache\19.0.2.1+1\amd64\api-ms-win-core-processthreads-l1-1-0.dll
0x0000015eceec0000 - 0x0000015eceec3000 	C:\Users\admin\.openjfx\cache\19.0.2.1+1\amd64\api-ms-win-core-processthreads-l1-1-1.dll
0x0000015eceed0000 - 0x0000015eceed3000 	C:\Users\admin\.openjfx\cache\19.0.2.1+1\amd64\api-ms-win-core-profile-l1-1-0.dll
0x0000015eceee0000 - 0x0000015eceee3000 	C:\Users\admin\.openjfx\cache\19.0.2.1+1\amd64\api-ms-win-core-rtlsupport-l1-1-0.dll
0x0000015eceef0000 - 0x0000015eceef3000 	C:\Users\admin\.openjfx\cache\19.0.2.1+1\amd64\api-ms-win-core-string-l1-1-0.dll
0x0000015ecef00000 - 0x0000015ecef03000 	C:\Users\admin\.openjfx\cache\19.0.2.1+1\amd64\api-ms-win-core-synch-l1-1-0.dll
0x0000015ecef10000 - 0x0000015ecef13000 	C:\Users\admin\.openjfx\cache\19.0.2.1+1\amd64\api-ms-win-core-synch-l1-2-0.dll
0x0000015ecef20000 - 0x0000015ecef23000 	C:\Users\admin\.openjfx\cache\19.0.2.1+1\amd64\api-ms-win-core-sysinfo-l1-1-0.dll
0x0000015ecef30000 - 0x0000015ecef33000 	C:\Users\admin\.openjfx\cache\19.0.2.1+1\amd64\api-ms-win-core-timezone-l1-1-0.dll
0x0000015ecef40000 - 0x0000015ecef43000 	C:\Users\admin\.openjfx\cache\19.0.2.1+1\amd64\api-ms-win-core-util-l1-1-0.dll
0x0000015ecef50000 - 0x0000015ecef53000 	C:\Users\admin\.openjfx\cache\19.0.2.1+1\amd64\api-ms-win-crt-conio-l1-1-0.dll
0x0000015ecef60000 - 0x0000015ecef64000 	C:\Users\admin\.openjfx\cache\19.0.2.1+1\amd64\api-ms-win-crt-convert-l1-1-0.dll
0x0000015ecef70000 - 0x0000015ecef73000 	C:\Users\admin\.openjfx\cache\19.0.2.1+1\amd64\api-ms-win-crt-environment-l1-1-0.dll
0x0000015ecef80000 - 0x0000015ecef83000 	C:\Users\admin\.openjfx\cache\19.0.2.1+1\amd64\api-ms-win-crt-filesystem-l1-1-0.dll
0x0000015ecef90000 - 0x0000015ecef93000 	C:\Users\admin\.openjfx\cache\19.0.2.1+1\amd64\api-ms-win-crt-heap-l1-1-0.dll
0x0000015ecefa0000 - 0x0000015ecefa3000 	C:\Users\admin\.openjfx\cache\19.0.2.1+1\amd64\api-ms-win-crt-locale-l1-1-0.dll
0x0000015ecefb0000 - 0x0000015ecefb5000 	C:\Users\admin\.openjfx\cache\19.0.2.1+1\amd64\api-ms-win-crt-math-l1-1-0.dll
0x0000015ecefc0000 - 0x0000015ecefc5000 	C:\Users\admin\.openjfx\cache\19.0.2.1+1\amd64\api-ms-win-crt-multibyte-l1-1-0.dll
0x0000015ecefd0000 - 0x0000015ecefe0000 	C:\Users\admin\.openjfx\cache\19.0.2.1+1\amd64\api-ms-win-crt-private-l1-1-0.dll
0x0000015ecefe0000 - 0x0000015ecefe3000 	C:\Users\admin\.openjfx\cache\19.0.2.1+1\amd64\api-ms-win-crt-process-l1-1-0.dll
0x0000015eceff0000 - 0x0000015eceff4000 	C:\Users\admin\.openjfx\cache\19.0.2.1+1\amd64\api-ms-win-crt-runtime-l1-1-0.dll
0x0000015ed4bd0000 - 0x0000015ed4bd4000 	C:\Users\admin\.openjfx\cache\19.0.2.1+1\amd64\api-ms-win-crt-stdio-l1-1-0.dll
0x0000015ed4be0000 - 0x0000015ed4be4000 	C:\Users\admin\.openjfx\cache\19.0.2.1+1\amd64\api-ms-win-crt-string-l1-1-0.dll
0x0000015ed4bf0000 - 0x0000015ed4bf3000 	C:\Users\admin\.openjfx\cache\19.0.2.1+1\amd64\api-ms-win-crt-time-l1-1-0.dll
0x0000015ed4c00000 - 0x0000015ed4c03000 	C:\Users\admin\.openjfx\cache\19.0.2.1+1\amd64\api-ms-win-crt-utility-l1-1-0.dll
0x00007ffd0be70000 - 0x00007ffd0bf6c000 	C:\Users\admin\.openjfx\cache\19.0.2.1+1\amd64\ucrtbase.dll
0x00007ffd279a0000 - 0x00007ffd279bb000 	C:\Users\admin\.openjfx\cache\19.0.2.1+1\amd64\vcruntime140.dll
0x00007ffd2cef0000 - 0x00007ffd2cefc000 	C:\Users\admin\.openjfx\cache\19.0.2.1+1\amd64\vcruntime140_1.dll
0x00007ffd11e50000 - 0x00007ffd11ede000 	C:\Users\admin\.openjfx\cache\19.0.2.1+1\amd64\msvcp140.dll
0x00007ffd2b360000 - 0x00007ffd2b369000 	C:\Users\admin\.openjfx\cache\19.0.2.1+1\amd64\msvcp140_1.dll
0x00007ffd21b80000 - 0x00007ffd21bb0000 	C:\Users\admin\.openjfx\cache\19.0.2.1+1\amd64\msvcp140_2.dll
0x00007ffd1f550000 - 0x00007ffd1f57c000 	C:\Users\admin\.openjfx\cache\19.0.2.1+1\amd64\prism_d3d.dll
0x00007ffd394e0000 - 0x00007ffd396ad000 	C:\WINDOWS\system32\d3d9.dll
0x00007ffd42280000 - 0x00007ffd422af000 	C:\WINDOWS\SYSTEM32\dwmapi.dll
0x00007ffd41fc0000 - 0x00007ffd4205e000 	C:\WINDOWS\system32\uxtheme.dll
0x00007ffd3ce70000 - 0x00007ffd3cf2e000 	C:\WINDOWS\System32\DriverStore\FileRepository\nv_dispi.inf_amd64_f840d03a202f8a32\nvldumdx.dll
0x00007ffd440c0000 - 0x00007ffd440d2000 	C:\WINDOWS\SYSTEM32\msasn1.dll
0x00007ffd3e690000 - 0x00007ffd3e6c1000 	C:\WINDOWS\SYSTEM32\cryptnet.dll
0x00007ffd445b0000 - 0x00007ffd4470e000 	C:\WINDOWS\System32\CRYPT32.dll
0x00007ffd3e540000 - 0x00007ffd3e688000 	C:\WINDOWS\SYSTEM32\drvstore.dll
0x00007ffd44320000 - 0x00007ffd4434c000 	C:\WINDOWS\SYSTEM32\devobj.dll
0x00007ffd44dc0000 - 0x00007ffd44e0e000 	C:\WINDOWS\System32\cfgmgr32.dll
0x00007ffd43ea0000 - 0x00007ffd43eac000 	C:\WINDOWS\SYSTEM32\cryptbase.dll
0x00007ffd44710000 - 0x00007ffd44777000 	C:\WINDOWS\System32\WINTRUST.DLL
0x00007ffd46280000 - 0x00007ffd4629d000 	C:\WINDOWS\System32\imagehlp.dll
0x00007ffd43e80000 - 0x00007ffd43e98000 	C:\WINDOWS\SYSTEM32\CRYPTSP.dll
0x00007ffd435b0000 - 0x00007ffd435e4000 	C:\WINDOWS\system32\rsaenh.dll
0x00007ffd44d90000 - 0x00007ffd44db7000 	C:\WINDOWS\System32\bcrypt.dll
0x00007ffce06f0000 - 0x00007ffce2cff000 	C:\WINDOWS\System32\DriverStore\FileRepository\nv_dispi.inf_amd64_f840d03a202f8a32\nvd3dumx.dll
0x00007ffd1c060000 - 0x00007ffd1c0a2000 	C:\Users\admin\.openjfx\cache\19.0.2.1+1\amd64\glass.dll
0x00007ffd45130000 - 0x00007ffd4520a000 	C:\WINDOWS\System32\COMDLG32.dll
0x00007ffd46320000 - 0x00007ffd4644a000 	C:\WINDOWS\System32\ole32.dll
0x00007ffd46c30000 - 0x00007ffd46cfd000 	C:\WINDOWS\System32\OLEAUT32.dll
0x00007ffd45960000 - 0x00007ffd45a74000 	C:\WINDOWS\System32\MSCTF.dll
0x00007ffd0a680000 - 0x00007ffd0a951000 	C:\WINDOWS\system32\nvspcap64.dll
0x00007ffd436d0000 - 0x00007ffd43703000 	C:\WINDOWS\SYSTEM32\ntmarta.dll
0x00007ffd42e40000 - 0x00007ffd42e63000 	C:\WINDOWS\SYSTEM32\gpapi.dll
0x00007ffd35b50000 - 0x00007ffd35b8b000 	C:\WINDOWS\SYSTEM32\dxcore.dll
0x00007ffd253d0000 - 0x00007ffd253e4000 	C:\Users\admin\.openjfx\cache\19.0.2.1+1\amd64\javafx_font.dll
0x00007ffd302b0000 - 0x00007ffd3052f000 	C:\WINDOWS\SYSTEM32\dwrite.dll
0x00007ffd44f30000 - 0x00007ffd44fd9000 	C:\WINDOWS\System32\clbcatq.dll
0x00007ffd3ac30000 - 0x00007ffd3ade4000 	C:\WINDOWS\SYSTEM32\WindowsCodecs.dll
0x00007ffd2ffc0000 - 0x00007ffd2fffe000 	C:\WINDOWS\system32\dataexchange.dll
0x00007ffd41090000 - 0x00007ffd41273000 	C:\WINDOWS\system32\dcomp.dll
0x00007ffd40210000 - 0x00007ffd40473000 	C:\WINDOWS\system32\d3d11.dll
0x00007ffd42f90000 - 0x00007ffd43083000 	C:\WINDOWS\system32\dxgi.dll
0x00007ffd3b010000 - 0x00007ffd3b210000 	C:\WINDOWS\system32\twinapi.appcore.dll

dbghelp: loaded successfully - version: 4.0.5 - missing functions: none
symbol engine: initialized successfully - sym options: 0x614 - pdb path: .;C:\Users\admin\.jdks\openjdk-19.0.1\bin;C:\WINDOWS\SYSTEM32;C:\WINDOWS\WinSxS\amd64_microsoft.windows.common-controls_6595b64144ccf1df_6.0.19041.1110_none_60b5254171f9507e;C:\Users\admin\.jdks\openjdk-19.0.1\bin\server;C:\Users\admin\.openjfx\cache\19.0.2.1+1\amd64;C:\WINDOWS\System32\DriverStore\FileRepository\nv_dispi.inf_amd64_f840d03a202f8a32;C:\Program Files\Common Files\Microsoft Shared\Ink

VM Arguments:
jvm_args: -javaagent:D:\Новая папка (2)\Новая папка (4)\IntelliJ IDEA Community Edition 2022.2.4\lib\idea_rt.jar=60792:D:\Новая папка (2)\Новая папка (4)\IntelliJ IDEA Community Edition 2022.2.4\bin -Dfile.encoding=UTF-8 -Dsun.stdout.encoding=UTF-8 -Dsun.stderr.encoding=UTF-8 --module-path=C:\Users\admin\Desktop\TeacherApp\target\classes;C:\Users\admin\Downloads\jar_files (3)\poi-ooxml-3.6.jar;C:\Users\admin\Downloads\aspose-words-23.4-jdk17.jar;C:\Users\admin\.m2\repository\org\openjfx\javafx-base\19.0.2.1\javafx-base-19.0.2.1-win.jar;C:\Users\admin\.m2\repository\org\openjfx\javafx-fxml\19.0.2.1\javafx-fxml-19.0.2.1-win.jar;C:\Users\admin\Desktop\mysql-connector-j-8.0.33\mysql-connector-j-8.0.33.jar;C:\Users\admin\.m2\repository\org\openjfx\javafx-controls\19.0.2.1\javafx-controls-19.0.2.1-win.jar;C:\Users\admin\.m2\repository\org\openjfx\javafx-graphics\19.0.2.1\javafx-graphics-19.0.2.1-win.jar -Djdk.module.main=com.example.teacherapp 
java_command: com.example.teacherapp/com.example.teacherapp.LoginApplication
java_class_path (initial): C:\Users\admin\Downloads\poi-src-5.2.3-20220909.zip;C:\Users\admin\Downloads\poi-ooxml-full-5.2.3.jar;C:\Users\admin\Downloads\jar_files (3)\avalon-framework-4.1.3.jar;C:\Users\admin\Downloads\jar_files (3)\commons-logging-1.1.jar;C:\Users\admin\Downloads\jar_files (3)\dom4j-1.6.1.jar;C:\Users\admin\Downloads\jar_files (3)\geronimo-stax-api_1.0_spec-1.0.jar;C:\Users\admin\Downloads\jar_files (3)\log4j-1.2.13.jar;C:\Users\admin\Downloads\jar_files (3)\logkit-1.0.1.jar;C:\Users\admin\Downloads\jar_files (3)\xmlbeans-2.3.0.jar;C:\Users\admin\Downloads\jar_files (3)\xml-apis-1.0.b2.jar;C:\Users\admin\Downloads\jar_files (3)\stax-api-1.0.1.jar;C:\Users\admin\Downloads\jar_files (3)\servlet-api-2.3.jar;C:\Users\admin\Downloads\jar_files (3)\poi-ooxml-schemas-3.6.jar;C:\Users\admin\Downloads\jar_files (3)\poi-3.6.jar;C:\Users\admin\.m2\repository\org\apache\poi\poi\5.2.3\poi-5.2.3.jar;C:\Users\admin\.m2\repository\commons-codec\commons-codec\1.15\commons-codec-1.15.jar;C:\Users\admin\.m2\repository\org\apache\commons\commons-collections4\4.4\commons-collections4-4.4.jar;C:\Users\admin\.m2\repository\org\apache\commons\commons-math3\3.6.1\commons-math3-3.6.1.jar;C:\Users\admin\.m2\repository\commons-io\commons-io\2.11.0\commons-io-2.11.0.jar;C:\Users\admin\.m2\repository\com\zaxxer\SparseBitSet\1.2\SparseBitSet-1.2.jar;C:\Users\admin\.m2\repository\org\apache\logging\log4j\log4j-api\2.18.0\log4j-api-2.18.0.jar;C:\Users\admin\.m2\repository\org\openjfx\javafx-controls\19.0.2.1\javafx-controls-19.0.2.1.jar;C:\Users\admin\.m2\repository\org\openjfx\javafx-graphics\19.0.2.1\javafx-graphics-19.0.2.1.jar;C:\Users\admin\.m2\repository\org\openjfx\javafx-base\19.0.2.1\javafx-base-19.0.2.1.jar;C:\Users\admin\.m2\repository\org\openjfx\javafx-fxml\19.0.2.1\javafx-fxml-19.0.2.1.jar;C:\Users\admin\.m2\repository\org\apache\poi\poi-ooxml\5.2.2\poi-ooxml-5.2.2.jar;C:\Users\admin\.m2\repository\org\apache\poi\poi-ooxml-lite\5.2.2\poi-ooxml-lite-5.2.2.jar;C:\Users\admin\.m2\repository\org\apache\xmlbeans\xmlbeans\5.0.3\xmlbeans-5.0.3.jar;C:\Users\admin\.m2\repository\org\apache\commons\commons-compress\1.21\commons-compress-1.21.jar;C:\Users\admin\.m2\repository\com\github\virtuald\curvesapi\1.07\curvesapi-1.07.jar
Launcher Type: SUN_STANDARD

[Global flags]
     intx CICompilerCount                          = 4                                         {product} {ergonomic}
     uint ConcGCThreads                            = 2                                         {product} {ergonomic}
     uint G1ConcRefinementThreads                  = 8                                         {product} {ergonomic}
   size_t G1HeapRegionSize                         = 2097152                                   {product} {ergonomic}
    uintx GCDrainStackTargetSize                   = 64                                        {product} {ergonomic}
   size_t InitialHeapSize                          = 268435456                                 {product} {ergonomic}
   size_t MarkStackSize                            = 4194304                                   {product} {ergonomic}
   size_t MaxHeapSize                              = 4278190080                                {product} {ergonomic}
   size_t MaxNewSize                               = 2566914048                                {product} {ergonomic}
   size_t MinHeapDeltaBytes                        = 2097152                                   {product} {ergonomic}
   size_t MinHeapSize                              = 8388608                                   {product} {ergonomic}
    uintx NonNMethodCodeHeapSize                   = 5839372                                {pd product} {ergonomic}
    uintx NonProfiledCodeHeapSize                  = 122909434                              {pd product} {ergonomic}
    uintx ProfiledCodeHeapSize                     = 122909434                              {pd product} {ergonomic}
    uintx ReservedCodeCacheSize                    = 251658240                              {pd product} {ergonomic}
     bool SegmentedCodeCache                       = true                                      {product} {ergonomic}
   size_t SoftMaxHeapSize                          = 4278190080                             {manageable} {ergonomic}
     bool UseCompressedClassPointers               = true                           {product lp64_product} {ergonomic}
     bool UseCompressedOops                        = true                           {product lp64_product} {ergonomic}
     bool UseG1GC                                  = true                                      {product} {ergonomic}
     bool UseLargePagesIndividualAllocation        = false                                  {pd product} {ergonomic}

Logging:
Log output configuration:
 #0: stdout all=off uptime,level,tags foldmultilines=false
 #1: stderr all=off uptime,level,tags foldmultilines=false

Environment Variables:
PATH=C:\Program Files\Common Files\Oracle\Java\javapath;C:\Program Files (x86)\Common Files\Oracle\Java\javapath;C:\ProgramData\Oracle\Java\javapath;C:\WINDOWS\system32;C:\WINDOWS;C:\WINDOWS\System32\Wbem;C:\WINDOWS\System32\WindowsPowerShell\v1.0\;C:\WINDOWS\System32\OpenSSH\;C:\WINDOWS\system32;C:\WINDOWS;C:\WINDOWS\System32\Wbem;C:\WINDOWS\System32\WindowsPowerShell\v1.0\;C:\WINDOWS\System32\OpenSSH\;C:\Program Files\Java\jdk1.7.0\bin;C:\Program Files (x86)\NVIDIA Corporation\PhysX\Common;C:\Program Files\NVIDIA Corporation\NVIDIA NvDLISR;C:\Program Files\Git\cmd;C:\Program Files\MySQL\MySQL Shell 8.0\bin\;C:\Users\admin\AppData\Local\Microsoft\WindowsApps;C:\Users\admin\AppData\Local\Programs\Microsoft VS Code\bin;C:\ProgramData\admin\GitHubDesktop\bin;D:\Новая папка (4)\IntelliJ IDEA Community Edition 2022.2.4\bin;;D:\Py\PyCharm Community Edition 2022.3\bin;
USERNAME=admin
OS=Windows_NT
PROCESSOR_IDENTIFIER=Intel64 Family 6 Model 158 Stepping 12, GenuineIntel
TMP=C:\Users\admin\AppData\Local\Temp
TEMP=C:\Users\admin\AppData\Local\Temp



---------------  S Y S T E M  ---------------

OS:
 Windows 10 , 64 bit Build 19041 (10.0.19041.2913)
OS uptime: 7 days 14:34 hours

CPU: total 8 (initial active 8) (8 cores per cpu, 1 threads per core) family 6 model 158 stepping 12 microcode 0xae, cx8, cmov, fxsr, mmx, 3dnowpref, sse, sse2, sse3, ssse3, sse4.1, sse4.2, popcnt, lzcnt, tsc, tscinvbit, avx, avx2, aes, erms, clmul, bmi1, bmi2, rtm, adx, fma, vzeroupper, clflush, clflushopt, rdtscp

Memory: 4k page, system-wide physical 16317M (4993M free)
TotalPageFile size 30141M (AvailPageFile size 9526M)
current process WorkingSet (physical memory assigned to process): 172M, peak: 194M
current process commit charge ("private bytes"): 270M, peak: 428M

vm_info: OpenJDK 64-Bit Server VM (19.0.1+10-21) for windows-amd64 JRE (19.0.1+10-21), built on 2022-09-14T12:45:06Z by "mach5one" with MS VC++ 17.1 (VS2022)

END.
